0 info it worked if it ends with ok
1 verbose cli [ 'node', '/usr/local/bin/npm', 'update', '-g', 'divshot-cli' ]
2 info using npm@2.1.14
3 info using node@v0.10.34
4 verbose node symlink /usr/local/bin/node
5 silly mapToRegistry name divshot-cli
6 silly mapToRegistry using default registry
7 silly mapToRegistry registry https://registry.npmjs.org/
8 silly mapToRegistry uri https://registry.npmjs.org/divshot-cli
9 verbose request uri https://registry.npmjs.org/divshot-cli
10 verbose request no auth needed
11 info attempt registry request try #1 at 22:47:05
12 verbose request id 7eed5753320b7774
13 verbose etag "3P8A37RF2BW7QQA8FPNK36NN6"
14 http request GET https://registry.npmjs.org/divshot-cli
15 verbose type called_on_non_object
16 verbose stack TypeError: Object.keys called on non-object
16 verbose stack     at Function.keys (native)
16 verbose stack     at unmarkExtraneous (/usr/local/lib/node_modules/npm/node_modules/read-installed/read-installed.js:362:10)
16 verbose stack     at /usr/local/lib/node_modules/npm/node_modules/read-installed/read-installed.js:137:5
16 verbose stack     at next (/usr/local/lib/node_modules/npm/node_modules/read-installed/read-installed.js:185:14)
16 verbose stack     at /usr/local/lib/node_modules/npm/node_modules/read-installed/read-installed.js:169:14
16 verbose stack     at Object.oncomplete (evalmachine.<anonymous>:108:15)
17 verbose cwd /Users/weylandjoyner/Documents/StartupGrid-UI
18 error Darwin 14.1.0
19 error argv "node" "/usr/local/bin/npm" "update" "-g" "divshot-cli"
20 error node v0.10.34
21 error npm  v2.1.14
22 error Object.keys called on non-object
23 error If you need help, you may report this error at:
23 error     <http://github.com/npm/npm/issues>
24 verbose exit [ 1, true ]
